0 verbose cli C:\Program Files\nodejs\node.exe C:\Program Files\nodejs\node_modules\npm\bin\npm-cli.js
1 info using npm@10.5.2
2 info using node@v20.13.1
3 timing npm:load:whichnode Completed in 3ms
4 timing config:load:defaults Completed in 2ms
5 timing config:load:file:C:\Program Files\nodejs\node_modules\npm\npmrc Completed in 3ms
6 timing config:load:builtin Completed in 3ms
7 timing config:load:cli Completed in 3ms
8 timing config:load:env Completed in 0ms
9 timing config:load:file:D:\react\reactjs\.npmrc Completed in 1ms
10 timing config:load:project Completed in 3ms
11 timing config:load:file:C:\Users\Raju\.npmrc Completed in 0ms
12 timing config:load:user Completed in 1ms
13 timing config:load:file:C:\Users\Raju\AppData\Roaming\npm\etc\npmrc Completed in 1ms
14 timing config:load:global Completed in 1ms
15 timing config:load:setEnvs Completed in 1ms
16 timing config:load Completed in 14ms
17 timing npm:load:configload Completed in 14ms
18 timing config:load:flatten Completed in 1ms
19 timing npm:load:mkdirpcache Completed in 0ms
20 timing npm:load:mkdirplogs Completed in 1ms
21 verbose title npm install ./utils/Themes
22 verbose argv "install" "./utils/Themes"
23 timing npm:load:setTitle Completed in 1ms
24 timing npm:load:display Completed in 0ms
25 verbose logfile logs-max:10 dir:C:\Users\Raju\AppData\Local\npm-cache\_logs\2024-05-13T15_08_41_613Z-
26 verbose logfile C:\Users\Raju\AppData\Local\npm-cache\_logs\2024-05-13T15_08_41_613Z-debug-0.log
27 timing npm:load:logFile Completed in 2ms
28 timing npm:load:timers Completed in 0ms
29 timing npm:load:configScope Completed in 0ms
30 timing npm:load Completed in 42ms
31 timing arborist:ctor Completed in 0ms
32 silly logfile start cleaning logs, removing 1 files
33 silly logfile done cleaning log files
34 timing idealTree:init Completed in 740ms
35 timing idealTree Completed in 750ms
36 timing command:install Completed in 759ms
37 verbose stack Error: ENOENT: no such file or directory, open 'D:\react\reactjs\utils\Themes\package.json'
37 verbose stack     at async open (node:internal/fs/promises:636:25)
37 verbose stack     at async readFile (node:internal/fs/promises:1246:14)
37 verbose stack     at async C:\Program Files\nodejs\node_modules\npm\node_modules\@npmcli\arborist\lib\arborist\build-ideal-tree.js:534:22
37 verbose stack     at async Promise.all (index 0)
37 verbose stack     at async #add (C:\Program Files\nodejs\node_modules\npm\node_modules\@npmcli\arborist\lib\arborist\build-ideal-tree.js:523:5)
37 verbose stack     at async #applyUserRequestsToNode (C:\Program Files\nodejs\node_modules\npm\node_modules\@npmcli\arborist\lib\arborist\build-ideal-tree.js:492:7)
37 verbose stack     at async #applyUserRequests (C:\Program Files\nodejs\node_modules\npm\node_modules\@npmcli\arborist\lib\arborist\build-ideal-tree.js:427:7)
37 verbose stack     at async Arborist.buildIdealTree (C:\Program Files\nodejs\node_modules\npm\node_modules\@npmcli\arborist\lib\arborist\build-ideal-tree.js:202:7)
37 verbose stack     at async Promise.all (index 1)
37 verbose stack     at async Arborist.reify (C:\Program Files\nodejs\node_modules\npm\node_modules\@npmcli\arborist\lib\arborist\reify.js:154:5)
38 verbose cwd D:\react\reactjs
39 verbose Windows_NT 10.0.22621
40 verbose node v20.13.1
41 verbose npm  v10.5.2
42 error code ENOENT
43 error syscall open
44 error path D:\react\reactjs\utils\Themes/package.json
45 error errno -4058
46 error enoent ENOENT: no such file or directory, open 'D:\react\reactjs\utils\Themes\package.json'
47 error enoent This is related to npm not being able to find a file.
47 error enoent
48 verbose exit -4058
49 timing npm Completed in 1199ms
50 verbose unfinished npm timer reify 1715612922039
51 verbose unfinished npm timer reify:loadTrees 1715612922043
52 verbose unfinished npm timer idealTree:userRequests 1715612922785
53 verbose code -4058
54 error A complete log of this run can be found in: C:\Users\Raju\AppData\Local\npm-cache\_logs\2024-05-13T15_08_41_613Z-debug-0.log
